<?xml version="1.0" encoding="UTF-8" standalone="no"?><testsuite errors="1" failures="0" name="Realizar una compra hasta el login." skipped="0" tests="1" time="9.27" timestamp="2022-12-13 11:07:54"><testcase name="Realizar una compra en Shopee"><error message="Step [selecciono el producto de mi interes] is defined with 1 parameters at 'stepDefinitions.testStepDefinitions.selecciono_el_producto_de_mi_interes(Cucumber_Models.objetoCompra)'.&#10;However, the gherkin step has 0 arguments.&#10;Step text: selecciono el producto de mi interes" type="io.cucumber.core.exception.CucumberException">Step [selecciono el producto de mi interes] is defined with 1 parameters at 'stepDefinitions.testStepDefinitions.selecciono_el_producto_de_mi_interes(Cucumber_Models.objetoCompra)'.
However, the gherkin step has 0 arguments.
Step text: selecciono el producto de mi interes</error><system-err>Step [selecciono el producto de mi interes] is defined with 1 parameters at 'stepDefinitions.testStepDefinitions.selecciono_el_producto_de_mi_interes(Cucumber_Models.objetoCompra)'.
However, the gherkin step has 0 arguments.
Step text: selecciono el producto de mi interes&#13;
io.cucumber.core.runner.PickleStepDefinitionMatch.arityMismatch(PickleStepDefinitionMatch.java:83)&#13;
io.cucumber.core.runner.PickleStepDefinitionMatch.runStep(PickleStepDefinitionMatch.java:42)&#13;
io.cucumber.core.runner.TestStep.executeStep(TestStep.java:85)&#13;
io.cucumber.core.runner.TestStep.run(TestStep.java:57)&#13;
io.cucumber.core.runner.PickleStepTestStep.run(PickleStepTestStep.java:51)&#13;
io.cucumber.core.runner.TestCase.run(TestCase.java:84)&#13;
io.cucumber.core.runner.Runner.runPickle(Runner.java:75)&#13;
io.cucumber.core.runtime.CucumberExecutionContext.lambda$runTestCase$5(CucumberExecutionContext.java:129)&#13;
io.cucumber.core.runtime.RethrowingThrowableCollector.executeAndThrow(RethrowingThrowableCollector.java:23)&#13;
io.cucumber.core.runtime.CucumberExecutionContext.runTestCase(CucumberExecutionContext.java:129)&#13;
io.cucumber.junit.FeatureRunner.runChild(FeatureRunner.java:144)&#13;
io.cucumber.junit.FeatureRunner.runChild(FeatureRunner.java:28)&#13;
io.cucumber.junit.FeatureRunner.run(FeatureRunner.java:137)&#13;
io.cucumber.junit.CucumberSerenityRunner.runChild(CucumberSerenityRunner.java:259)&#13;
io.cucumber.junit.CucumberSerenityRunner.runChild(CucumberSerenityRunner.java:59)&#13;
</system-err></testcase></testsuite>